[2019-04-29T11:16:04+08:00] -- Start 2019-04-29 Log --
[2019-04-29T16:43:54+08:00] 127.0.0.1 EMERG: Array
(
    [access_date] => 2019-04-29 16:43:54
    [error_number] => 1054 [select merchant_id,merchant_name,merchant_code,warehouse_id,merchant_contact_name,merchant_contact_phone,business_manager_id,client_id,company_name,remark,login_name,allow_bonded,allow_direct,allow_xcx,merchant_status,xcx_appid,xcx_app_secret,xcc_merc_id,xcx_service_cate from  ejs_merchant where is_delete = 0 and merchant_id = 2 LIMIT 1], Unknown column 'xcc_merc_id' in 'field list'

    [sql_query] => select merchant_id,merchant_name,merchant_code,warehouse_id,merchant_contact_name,merchant_contact_phone,business_manager_id,client_id,company_name,remark,login_name,allow_bonded,allow_direct,allow_xcx,merchant_status,xcx_appid,xcx_app_secret,xcc_merc_id,xcx_service_cate from  ejs_merchant where is_delete = 0 and merchant_id = 2 LIMIT 1

    [query_string] => route=crm/crm/edit_merchant_xcx&merchant_id=2
    [ip_address] => 127.0.0.1
)

[2019-04-29T16:47:12+08:00] 127.0.0.1 EMERG: Array
(
    [access_date] => 2019-04-29 16:47:12
    [error_number] => 1054 [select merchant_id,merchant_name,merchant_code,warehouse_id,merchant_contact_name,merchant_contact_phone,business_manager_id,client_id,company_name,remark,login_name,allow_bonded,allow_direct,allow_xcx,merchant_status,xcx_appid,xcx_app_secret,xcc_merc_id,xcx_service_cate from  ejs_merchant where is_delete = 0 and merchant_id = 2 LIMIT 1], Unknown column 'xcc_merc_id' in 'field list'

    [sql_query] => select merchant_id,merchant_name,merchant_code,warehouse_id,merchant_contact_name,merchant_contact_phone,business_manager_id,client_id,company_name,remark,login_name,allow_bonded,allow_direct,allow_xcx,merchant_status,xcx_appid,xcx_app_secret,xcc_merc_id,xcx_service_cate from  ejs_merchant where is_delete = 0 and merchant_id = 2 LIMIT 1

    [query_string] => route=crm/crm/edit_merchant_xcx&merchant_id=2
    [ip_address] => 127.0.0.1
)

[2019-04-29T16:48:15+08:00] 127.0.0.1 EMERG: Array
(
    [access_date] => 2019-04-29 16:48:15
    [error_number] => 1054 [select merchant_id,merchant_name,merchant_code,warehouse_id,merchant_contact_name,merchant_contact_phone,business_manager_id,client_id,company_name,remark,login_name,allow_bonded,allow_direct,allow_xcx,merchant_status,xcx_appid,xcx_app_secret,xcc_merc_id,xcx_service_cate from  ejs_merchant where is_delete = 0 and merchant_id = 2 LIMIT 1], Unknown column 'xcc_merc_id' in 'field list'

    [sql_query] => select merchant_id,merchant_name,merchant_code,warehouse_id,merchant_contact_name,merchant_contact_phone,business_manager_id,client_id,company_name,remark,login_name,allow_bonded,allow_direct,allow_xcx,merchant_status,xcx_appid,xcx_app_secret,xcc_merc_id,xcx_service_cate from  ejs_merchant where is_delete = 0 and merchant_id = 2 LIMIT 1

    [query_string] => route=crm/crm/edit_merchant_xcx&merchant_id=2
    [ip_address] => 127.0.0.1
)

[2019-04-29T16:49:25+08:00] 127.0.0.1 EMERG: Array
(
    [access_date] => 2019-04-29 16:49:25
    [error_number] => 1054 [select merchant_id,merchant_name,merchant_code,warehouse_id,merchant_contact_name,merchant_contact_phone,business_manager_id,client_id,company_name,remark,login_name,allow_bonded,allow_direct,allow_xcx,merchant_status,xcx_appid,xcx_app_secret,xcc_merc_id,xcx_service_cate from  ejs_merchant where is_delete = 0 and merchant_id = 2 LIMIT 1], Unknown column 'xcc_merc_id' in 'field list'

    [sql_query] => select merchant_id,merchant_name,merchant_code,warehouse_id,merchant_contact_name,merchant_contact_phone,business_manager_id,client_id,company_name,remark,login_name,allow_bonded,allow_direct,allow_xcx,merchant_status,xcx_appid,xcx_app_secret,xcc_merc_id,xcx_service_cate from  ejs_merchant where is_delete = 0 and merchant_id = 2 LIMIT 1

    [query_string] => route=crm/crm/edit_merchant_xcx&merchant_id=2
    [ip_address] => 127.0.0.1
)

[2019-04-29T16:49:54+08:00] 127.0.0.1 EMERG: Array
(
    [access_date] => 2019-04-29 16:49:54
    [error_number] => 1054 [select merchant_id,merchant_name,merchant_code,warehouse_id,merchant_contact_name,merchant_contact_phone,business_manager_id,client_id,company_name,remark,login_name,allow_bonded,allow_direct,allow_xcx,merchant_status,xcx_appid,xcx_app_secret,xcc_merc_id,xcx_service_cate from  ejs_merchant where is_delete = 0 and merchant_id = 2 LIMIT 1], Unknown column 'xcc_merc_id' in 'field list'

    [sql_query] => select merchant_id,merchant_name,merchant_code,warehouse_id,merchant_contact_name,merchant_contact_phone,business_manager_id,client_id,company_name,remark,login_name,allow_bonded,allow_direct,allow_xcx,merchant_status,xcx_appid,xcx_app_secret,xcc_merc_id,xcx_service_cate from  ejs_merchant where is_delete = 0 and merchant_id = 2 LIMIT 1

    [query_string] => route=crm/crm/edit_merchant_xcx&merchant_id=2
    [ip_address] => 127.0.0.1
)

[2019-04-29T16:50:15+08:00] 127.0.0.1 EMERG: Array
(
    [access_date] => 2019-04-29 16:50:15
    [error_number] => 1054 [select merchant_id,merchant_name,merchant_code,warehouse_id,merchant_contact_name,merchant_contact_phone,business_manager_id,client_id,company_name,remark,login_name,allow_bonded,allow_direct,allow_xcx,merchant_status,xcx_appid,xcx_app_secret,xcc_merc_id,xcx_service_cate from  ejs_merchant where is_delete = 0 and merchant_id = 2 LIMIT 1], Unknown column 'xcc_merc_id' in 'field list'

    [sql_query] => select merchant_id,merchant_name,merchant_code,warehouse_id,merchant_contact_name,merchant_contact_phone,business_manager_id,client_id,company_name,remark,login_name,allow_bonded,allow_direct,allow_xcx,merchant_status,xcx_appid,xcx_app_secret,xcc_merc_id,xcx_service_cate from  ejs_merchant where is_delete = 0 and merchant_id = 2 LIMIT 1

    [query_string] => route=crm/crm/edit_merchant_xcx&merchant_id=2
    [ip_address] => 127.0.0.1
)

[2019-04-30T09:27:16+08:00] -- End 2019-04-29 Log --
